<?xml version="1.0" encoding="UTF-8"?>
<!-- Generated by org.testng.reporters.JUnitReportReporter -->
<testsuite hostname="DESKTOP-77EIP0B" failures="0" tests="1" name="webpagetest.MavenJava.extentReportDemo" time="16.791" errors="0" timestamp="2021-12-12T01:06:27 IST" skipped="0">
  <testcase classname="webpagetest.MavenJava.extentReportDemo" name="initialDemo" time="16.791"/>
  <system-out/>
</testsuite> <!-- webpagetest.MavenJava.extentReportDemo -->
