<?xml version="1.0" encoding="UTF-8"?>
<!-- Generated by org.testng.reporters.JUnitReportReporter -->
<testsuite hostname="DESKTOP-77EIP0B" failures="0" tests="2" name="webpagetest.MavenJava.RESTApiTest" time="0.006" errors="0" timestamp="2021-12-10T23:39:19 IST" skipped="0">
  <testcase classname="webpagetest.MavenJava.RESTApiTest" name="deleteTwitter" time="0.005"/>
  <system-out/>
  <testcase classname="webpagetest.MavenJava.RESTApiTest" name="postJira" time="0.001"/>
  <system-out/>
</testsuite> <!-- webpagetest.MavenJava.RESTApiTest -->
