<?xml version="1.0" encoding="UTF-8"?>
<!-- Generated by org.testng.reporters.JUnitReportReporter -->
<testsuite hostname="DESKTOP-77EIP0B" failures="0" tests="2" name="webpagetest.MavenJava.SeleniumTest" time="0.007" errors="0" timestamp="2021-12-10T23:47:55 IST" skipped="0">
  <testcase classname="webpagetest.MavenJava.SeleniumTest" name="BrowserAutomation" time="0.007"/>
  <system-out/>
  <testcase classname="webpagetest.MavenJava.SeleniumTest" name="elementUI" time="0.000"/>
  <system-out/>
</testsuite> <!-- webpagetest.MavenJava.SeleniumTest -->
