<?xml version="1.0" encoding="UTF-8"?>
<!-- Generated by org.testng.reporters.JUnitReportReporter -->
<testsuite hostname="DESKTOP-77EIP0B" failures="0" tests="2" name="webpagetest.MavenJava.AppiumTest" time="0.001" errors="0" timestamp="2021-12-10T23:43:30 IST" skipped="0">
  <testcase classname="webpagetest.MavenJava.AppiumTest" name="NativeAppAndroid" time="0.001"/>
  <system-out/>
  <testcase classname="webpagetest.MavenJava.AppiumTest" name="IOSApps" time="0.000"/>
  <system-out/>
</testsuite> <!-- webpagetest.MavenJava.AppiumTest -->
